2026-07-03 11:03:18,403 INFO вызвон инструмент create_folder
2026-07-03 11:04:43,677 INFO вызвон инструмент create_folder
2026-07-03 11:04:43,680 INFO user одобрил создание папки gol
2026-07-03 11:10:02,416 INFO вызвон инструмент create_folder
2026-07-03 11:10:21,974 INFO вызвон инструмент create_folder
2026-07-03 11:10:21,975 INFO создание данной папки запрешеноgol
2026-07-03 11:10:27,043 INFO вызвон инструмент create_folder
2026-07-03 11:10:27,044 INFO создание данной папки запрешеноgol
2026-07-03 11:10:46,297 INFO вызвон инструмент create_folder
2026-07-03 11:10:46,298 INFO создание данной папки запрешеноgol
2026-07-03 11:11:12,255 INFO вызвон инструмент create_folder
2026-07-03 11:11:12,256 INFO создание данной папки запрешеноgol
2026-07-03 11:12:08,005 INFO вызвон инструмент create_folder
2026-07-03 11:12:08,006 INFO создание данной папки запрешеноgol
2026-07-03 11:12:18,409 INFO вызвон инструмент create_folder
2026-07-03 11:12:18,411 INFO user одобрил создание папки gol
2026-07-03 11:12:46,569 INFO вызвон инструмент create_folder
2026-07-03 11:12:46,571 INFO user одобрил создание папки gol
2026-07-03 11:13:33,273 INFO вызвон инструмент create_folder
2026-07-03 11:13:33,276 INFO user одобрил создание папки gol
2026-07-03 11:14:04,343 INFO вызвон инструмент create_folder
2026-07-03 11:14:04,345 INFO user одобрил создание папки gol
2026-07-03 11:15:31,903 INFO вызвон инструмент create_folder
2026-07-03 11:15:31,905 INFO создание данной папки запрешеноgol
2026-07-03 11:15:41,784 INFO вызвон инструмент create_folder
2026-07-03 11:15:41,787 ERROR Error: {exc!r}
2026-07-03 11:15:50,234 INFO вызвон инструмент create_folder
2026-07-03 11:15:50,237 INFO user одобрил создание папки gol
2026-07-03 11:16:28,758 INFO вызвон инструмент create_folder
2026-07-03 11:16:28,759 INFO создание данной папки запрешеноD:/Games
